<?xml version="1.0" encoding="UTF-8"?>
<!-- Generated by org.testng.reporters.JUnitReportReporter -->
<testsuite hostname="Zayns-Air.home" failures="0" tests="1" name="com.automation.testcases.LoginTestCRM" time="1124.883" errors="0" timestamp="2024-04-12T11:20:33 EDT" skipped="0">
  <testcase classname="com.automation.testcases.LoginTestCRM" name="loginApp" time="1124.883"/>
  <system-out>
    <![CDATA[Setup is Started
Setup is Done
Trying to start Browser
Browser has been started
Test is about to end
Test is completed >>> Reports Generated]]>
  </system-out>
</testsuite> <!-- com.automation.testcases.LoginTestCRM -->
